#
# There is insufficient memory for the Java Runtime Environment to continue.
# Native memory allocation (mmap) failed to map 268435456 bytes for G1 virtual space
# Possible reasons:
#   The system is out of physical RAM or swap space
#   The process is running with CompressedOops enabled, and the Java Heap may be blocking the growth of the native heap
# Possible solutions:
#   Reduce memory load on the system
#   Increase physical memory or swap space
#   Check if swap backing store is full
#   Decrease Java heap size (-Xmx/-Xms)
#   Decrease number of Java threads
#   Decrease Java thread stack sizes (-Xss)
#   Set larger code cache with -XX:ReservedCodeCacheSize=
#   JVM is running with Zero Based Compressed Oops mode in which the Java heap is
#     placed in the first 32GB address space. The Java Heap base address is the
#     maximum limit for the native heap growth. Please use -XX:HeapBaseMinAddress
#     to set the Java Heap base and to place the Java Heap above 32GB virtual address.
# This output file may be truncated or incomplete.
#
#  Out of Memory Error (os_windows.cpp:3825), pid=5060, tid=21500
#
# JRE version:  (17.0.9) (build )
# Java VM: OpenJDK 64-Bit Server VM (17.0.9+0--11185874, mixed mode, sharing, tiered, compressed oops, compressed class ptrs, g1 gc, windows-amd64)
# No core dump will be written. Minidumps are not enabled by default on client versions of Windows
#

---------------  S U M M A R Y ------------

Command Line: git4idea.http.GitAskPassApp Username for 'https://github.com': 

Host: Intel(R) Core(TM) i5-6300U CPU @ 2.40GHz, 4 cores, 15G,  Windows 11 , 64 bit Build 22621 (10.0.22621.3374)
Time: Tue Apr 23 19:35:39 2024 Pakistan Standard Time elapsed time: 0.030634 seconds (0d 0h 0m 0s)

---------------  T H R E A D  ---------------

Current thread (0x000001b99886ced0):  JavaThread "Unknown thread" [_thread_in_vm, id=21500, stack(0x0000009a8f000000,0x0000009a8f100000)]

Stack: [0x0000009a8f000000,0x0000009a8f100000]
Native frames: (J=compiled Java code, j=interpreted, Vv=VM code, C=native code)
V  [jvm.dll+0x6886e9]
V  [jvm.dll+0x841e4a]
V  [jvm.dll+0x843a8e]
V  [jvm.dll+0x8440f3]
V  [jvm.dll+0x24c14f]
V  [jvm.dll+0x685499]
V  [jvm.dll+0x679c2a]
V  [jvm.dll+0x30cf9b]
V  [jvm.dll+0x314446]
V  [jvm.dll+0x36425e]
V  [jvm.dll+0x36448f]
V  [jvm.dll+0x2e2d68]
V  [jvm.dll+0x2e3cd4]
V  [jvm.dll+0x8129f1]
V  [jvm.dll+0x3720c1]
V  [jvm.dll+0x7f152c]
V  [jvm.dll+0x3f5d4f]
V  [jvm.dll+0x3f7981]
C  [jli.dll+0x528f]
C  [ucrtbase.dll+0x29333]
C  [KERNEL32.DLL+0x1257d]
C  [ntdll.dll+0x5aa48]


---------------  P R O C E S S  ---------------

Threads class SMR info:
_java_thread_list=0x00007ffad489ef18, length=0, elements={
}

Java Threads: ( => current thread )

Other Threads:
  0x000001b9988d6bf0 GCTaskThread "GC Thread#0" [stack: 0x0000009a8f100000,0x0000009a8f200000] [id=19204]
  0x000001b9988e7950 ConcurrentGCThread "G1 Main Marker" [stack: 0x0000009a8f200000,0x0000009a8f300000] [id=12708]
  0x000001b9988e8370 ConcurrentGCThread "G1 Conc#0" [stack: 0x0000009a8f300000,0x0000009a8f400000] [id=19708]

[error occurred during error reporting (printing all threads), id 0xc0000005, EXCEPTION_ACCESS_VIOLATION (0xc0000005) at pc=0x00007ffad4053937]

VM state: not at safepoint (not fully initialized)

VM Mutex/Monitor currently owned by a thread:  ([mutex/lock_event])
[0x000001b998868070] Heap_lock - owner thread: 0x000001b99886ced0

Heap address: 0x0000000701e00000, size: 4066 MB, Compressed Oops mode: Zero based, Oop shift amount: 3

CDS archive(s) mapped at: [0x0000000000000000-0x0000000000000000-0x0000000000000000), size 0, SharedBaseAddress: 0x0000000800000000, ArchiveRelocationMode: 1.
Narrow klass base: 0x0000000000000000, Narrow klass shift: 0, Narrow klass range: 0x0

GC Precious Log:
<Empty>

Heap:
 garbage-first heap   total 0K, used 0K [0x0000000701e00000, 0x0000000800000000)
  region size 2048K, 0 young (0K), 0 survivors (0K)
 Metaspace       used 0K, committed 0K, reserved 0K
  class space    used 0K, committed 0K, reserved 0K

Heap Regions: E=young(eden), S=young(survivor), O=old, HS=humongous(starts), HC=humongous(continues), CS=collection set, F=free, OA=open archive, CA=closed archive, TAMS=top-at-mark-start (previous, next)

Card table byte_map: [0x000001b9ab540000,0x000001b9abd40000] _byte_map_base: 0x000001b9a7d31000

Marking Bits (Prev, Next): (CMBitMap*) 0x000001b9988d7210, (CMBitMap*) 0x000001b9988d7250
 Prev Bits: [0x000001b9ac540000, 0x000001b9b04c8000)
 Next Bits: [0x000001b9b04d0000, 0x000001b9b4458000)

GC Heap History (0 events):
No events

Dll operation events (1 events):
Event: 0.019 Loaded shared library C:\Program Files\Android\Android Studio1\jbr\bin\java.dll

Deoptimization events (0 events):
No events

Classes unloaded (0 events):
No events

Classes redefined (0 events):
No events

Internal exceptions (0 events):
No events

VM Operations (0 events):
No events

Events (0 events):
No events


Dynamic libraries:
0x00007ff6f2530000 - 0x00007ff6f253a000 	C:\Program Files\Android\Android Studio1\jbr\bin\java.exe
0x00007ffb5a2b0000 - 0x00007ffb5a4c6000 	C:\WINDOWS\SYSTEM32\ntdll.dll
0x00007ffb597a0000 - 0x00007ffb59864000 	C:\WINDOWS\System32\KERNEL32.DLL
0x00007ffb57b10000 - 0x00007ffb57eb7000 	C:\WINDOWS\System32\KERNELBASE.dll
0x00007ffb57880000 - 0x00007ffb57991000 	C:\WINDOWS\System32\ucrtbase.dll
0x00007ffb42d60000 - 0x00007ffb42d77000 	C:\Program Files\Android\Android Studio1\jbr\bin\jli.dll
0x00007ffb29d30000 - 0x00007ffb29d4b000 	C:\Program Files\Android\Android Studio1\jbr\bin\VCRUNTIME140.dll
0x00007ffb59310000 - 0x00007ffb594be000 	C:\WINDOWS\System32\USER32.dll
0x00007ffb43930000 - 0x00007ffb43bc3000 	C:\WINDOWS\WinSxS\amd64_microsoft.windows.common-controls_6595b64144ccf1df_6.0.22621.3235_none_270f74e173860f98\COMCTL32.dll
0x00007ffb57730000 - 0x00007ffb57756000 	C:\WINDOWS\System32\win32u.dll
0x00007ffb59870000 - 0x00007ffb59917000 	C:\WINDOWS\System32\msvcrt.dll
0x00007ffb5a240000 - 0x00007ffb5a269000 	C:\WINDOWS\System32\GDI32.dll
0x00007ffb57ec0000 - 0x00007ffb57fd9000 	C:\WINDOWS\System32\gdi32full.dll
0x00007ffb575d0000 - 0x00007ffb5766a000 	C:\WINDOWS\System32\msvcp_win.dll
0x00007ffb58b60000 - 0x00007ffb58b91000 	C:\WINDOWS\System32\IMM32.DLL
0x00007ffb4d150000 - 0x00007ffb4d15c000 	C:\Program Files\Android\Android Studio1\jbr\bin\vcruntime140_1.dll
0x00007ffacff70000 - 0x00007ffacfffd000 	C:\Program Files\Android\Android Studio1\jbr\bin\msvcp140.dll
0x00007ffad3d60000 - 0x00007ffad49e3000 	C:\Program Files\Android\Android Studio1\jbr\bin\server\jvm.dll
0x00007ffb595c0000 - 0x00007ffb59672000 	C:\WINDOWS\System32\ADVAPI32.dll
0x00007ffb596f0000 - 0x00007ffb59798000 	C:\WINDOWS\System32\sechost.dll
0x00007ffb57760000 - 0x00007ffb57788000 	C:\WINDOWS\System32\bcrypt.dll
0x00007ffb59e10000 - 0x00007ffb59f25000 	C:\WINDOWS\System32\RPCRT4.dll
0x00007ffb574a0000 - 0x00007ffb574ed000 	C:\WINDOWS\SYSTEM32\POWRPROF.dll
0x00007ffb4d840000 - 0x00007ffb4d849000 	C:\WINDOWS\SYSTEM32\WSOCK32.dll
0x00007ffb42bf0000 - 0x00007ffb42c24000 	C:\WINDOWS\SYSTEM32\WINMM.dll
0x00007ffb58c90000 - 0x00007ffb58d01000 	C:\WINDOWS\System32\WS2_32.dll
0x00007ffb44c10000 - 0x00007ffb44c1a000 	C:\WINDOWS\SYSTEM32\VERSION.dll
0x00007ffb573d0000 - 0x00007ffb573e3000 	C:\WINDOWS\SYSTEM32\UMPDC.dll
0x00007ffb565d0000 - 0x00007ffb565e8000 	C:\WINDOWS\SYSTEM32\kernel.appcore.dll
0x00007ffb4d5f0000 - 0x00007ffb4d5fa000 	C:\Program Files\Android\Android Studio1\jbr\bin\jimage.dll
0x00007ffb54fe0000 - 0x00007ffb55213000 	C:\WINDOWS\SYSTEM32\DBGHELP.DLL
0x00007ffb59a50000 - 0x00007ffb59dd8000 	C:\WINDOWS\System32\combase.dll
0x00007ffb58ba0000 - 0x00007ffb58c77000 	C:\WINDOWS\System32\OLEAUT32.dll
0x00007ffb45180000 - 0x00007ffb451b2000 	C:\WINDOWS\SYSTEM32\dbgcore.DLL
0x00007ffb57790000 - 0x00007ffb57809000 	C:\WINDOWS\System32\bcryptPrimitives.dll
0x00007ffb4d5c0000 - 0x00007ffb4d5e5000 	C:\Program Files\Android\Android Studio1\jbr\bin\java.dll

dbghelp: loaded successfully - version: 4.0.5 - missing functions: none
symbol engine: initialized successfully - sym options: 0x614 - pdb path: .;C:\Program Files\Android\Android Studio1\jbr\bin;C:\WINDOWS\SYSTEM32;C:\WINDOWS\WinSxS\amd64_microsoft.windows.common-controls_6595b64144ccf1df_6.0.22621.3235_none_270f74e173860f98;C:\Program Files\Android\Android Studio1\jbr\bin\server

VM Arguments:
java_command: git4idea.http.GitAskPassApp Username for 'https://github.com': 
java_class_path (initial): C:/Program Files/Android/Android Studio1/plugins/vcs-git/lib/git4idea-rt.jar;C:/Program Files/Android/Android Studio1/lib/externalProcess-rt.jar
Launcher Type: SUN_STANDARD

[Global flags]
     intx CICompilerCount                          = 3                                         {product} {ergonomic}
     uint ConcGCThreads                            = 1                                         {product} {ergonomic}
     uint G1ConcRefinementThreads                  = 4                                         {product} {ergonomic}
   size_t G1HeapRegionSize                         = 2097152                                   {product} {ergonomic}
    uintx GCDrainStackTargetSize                   = 64                                        {product} {ergonomic}
   size_t InitialHeapSize                          = 268435456                                 {product} {ergonomic}
   size_t MarkStackSize                            = 4194304                                   {product} {ergonomic}
   size_t MaxHeapSize                              = 4263510016                                {product} {ergonomic}
   size_t MinHeapDeltaBytes                        = 2097152                                   {product} {ergonomic}
   size_t MinHeapSize                              = 8388608                                   {product} {ergonomic}
    uintx NonNMethodCodeHeapSize                   = 5832780                                {pd product} {ergonomic}
    uintx NonProfiledCodeHeapSize                  = 122912730                              {pd product} {ergonomic}
    uintx ProfiledCodeHeapSize                     = 122912730                              {pd product} {ergonomic}
    uintx ReservedCodeCacheSize                    = 251658240                              {pd product} {ergonomic}
     bool SegmentedCodeCache                       = true                                      {product} {ergonomic}
   size_t SoftMaxHeapSize                          = 4263510016                             {manageable} {ergonomic}
     bool UseCompressedClassPointers               = true                           {product lp64_product} {ergonomic}
     bool UseCompressedOops                        = true                           {product lp64_product} {ergonomic}
     bool UseG1GC                                  = true                                      {product} {ergonomic}
     bool UseLargePagesIndividualAllocation        = false                                  {pd product} {ergonomic}

Logging:
Log output configuration:
 #0: stdout all=warning uptime,level,tags
 #1: stderr all=off uptime,level,tags

Environment Variables:
JAVA_HOME=C:\Program Files\Java\jdk-17.0.1
PATH=C:\Program Files\Git\mingw64\libexec\git-core;C:\Program Files\Git\mingw64\libexec\git-core;C:\Program Files\Git\mingw64\bin;C:\Program Files\Git\usr\bin;C:\Users\Rehan\bin;C:\WINDOWS\system32;C:\WINDOWS;C:\WINDOWS\System32\Wbem;C:\WINDOWS\System32\WindowsPowerShell\v1.0;C:\WINDOWS\System32\OpenSSH;C:\Program Files\Git\cmd;C:\Program Files\dotnet;C:\Program Files\Java\jdk-17.0.1\bin;C:\Program Files (x86)\Windows Live\Shared;C:\Users\Rehan\Downloads\Compressed\apache-maven-3.8.6-bin\apache-maven-3.8.6\bin;C:\Users\Rehan\Downloads\Compressed\apache-ant-1.9.16-bin\apache-ant-1.9.16\bin;C:\Program Files (x86)\Intel\Intel(R) Management Engine Components\DAL;C:\Program Files\Intel\Intel(R) Management Engine Components\DAL;C:\Program Files\nodejs;D:\Softwares\AndroidSDK_30-04-2019\AndroidSDK_30-04-2019\adt-bundle-windows-x86_64-20131030\sdk\platform-tools;C:\WINDOWS\system32;C:\WINDOWS;C:\WINDOWS\System32\Wbem;C:\WINDOWS\System32\WindowsPowerShell\v1.0;C:\WINDOWS\System32\OpenSSH;C:\xampp\php;C:\composer;C:\Users\Rehan\AppData\Local\Microsoft\WindowsApps;C:\Users\Rehan\.dotnet\tools;C:\Program Files\Java\jdk1.8.0_211;C:\flutter\bin;C:\flutter\bin\cache\dart-sdk\bin;C:\ffmpeg\bin;C:\Users\Rehan\AppData\Local\Packages\PythonSoftwareFoundation.Python.3.10_qbz5n2kfra8p0\LocalCache\local-packages\Python310\Scripts;C:\Users\Rehan\AppData\Local\Programs\Microsoft VS Code\bin;C:\Users\Rehan\AppData\Roaming\npm;D:\Softwares\AndroidSDK_30-04-2019\AndroidSDK_30-04-2019\adt-bundle-windows-x86_64-20131030\sdk\platform-tools;C:\Users\Rehan\AppData\Roaming\Composer\vendor\bin
USERNAME=Rehan
DISPLAY=:0.0
LC_ALL=en_US.UTF-8
TERM=cygwin
TMPDIR=C:\Users\Rehan\AppData\Local\Temp
OS=Windows_NT
PROCESSOR_IDENTIFIER=Intel64 Family 6 Model 78 Stepping 3, GenuineIntel
TMP=C:\Users\Rehan\AppData\Local\Temp
TEMP=C:\Users\Rehan\AppData\Local\Temp



Periodic native trim disabled

JNI global refs:
JNI global refs: 0, weak refs: 0

JNI global refs memory usage: 0, weak refs: 0

OOME stack traces (most recent first):
Classloader memory used:


---------------  S Y S T E M  ---------------

OS:
 Windows 11 , 64 bit Build 22621 (10.0.22621.3374)
OS uptime: 7 days 12:46 hours
Hyper-V role detected

CPU: total 4 (initial active 4) (2 cores per cpu, 2 threads per core) family 6 model 78 stepping 3 microcode 0xf0, cx8, cmov, fxsr, ht, mmx, 3dnowpref, sse, sse2, sse3, ssse3, sse4.1, sse4.2, popcnt, lzcnt, tsc, tscinvbit, avx, avx2, aes, erms, clmul, bmi1, bmi2, rtm, adx, fma, vzeroupper, clflush, clflushopt, hv
Processor Information for processor 0
  Max Mhz: 2496, Current Mhz: 1497, Mhz Limit: 2396
Processor Information for processor 1
  Max Mhz: 2496, Current Mhz: 1497, Mhz Limit: 2396
Processor Information for processor 2
  Max Mhz: 2496, Current Mhz: 2396, Mhz Limit: 2396
Processor Information for processor 3
  Max Mhz: 2496, Current Mhz: 1497, Mhz Limit: 2396

Memory: 4k page, system-wide physical 16259M (2012M free)
TotalPageFile size 20355M (AvailPageFile size 248M)
current process WorkingSet (physical memory assigned to process): 11M, peak: 11M
current process commit charge ("private bytes"): 52M, peak: 308M

vm_info: OpenJDK 64-Bit Server VM (17.0.9+0--11185874) for windows-amd64 JRE (17.0.9+0--11185874), built on Dec  6 2023 18:57:44 by "androidbuild" with MS VC++ 16.10 / 16.11 (VS2019)

END.
